[NX Daemon Server] - 2024-12-14T00:32:06.867Z - Started listening on: /var/folders/fq/zp7s0bvj42d0_8f7jrskh_5m0000gn/T/28bc81e8dc27a3500372/d.sock
[NX Daemon Server] - 2024-12-14T00:32:06.871Z - [WATCHER]: Subscribed to changes within: /Users/reed/Projects/react-scoped-hooks (native)
[NX Daemon Server] - 2024-12-14T00:32:06.873Z - Established a connection. Number of open connections: 1
[NX Daemon Server] - 2024-12-14T00:32:06.875Z - Established a connection. Number of open connections: 2
[NX Daemon Server] - 2024-12-14T00:32:06.877Z - Closed a connection. Number of open connections: 1
[NX Daemon Server] - 2024-12-14T00:32:06.878Z - [REQUEST]: Client Request for Project Graph Received
[NX Daemon Server] - 2024-12-14T00:32:06.879Z - [REQUEST]: Updated workspace context based on watched changes, recomputing project graph...
[NX Daemon Server] - 2024-12-14T00:32:06.879Z - [REQUEST]: 
[NX Daemon Server] - 2024-12-14T00:32:06.879Z - [REQUEST]: 
[NX Daemon Server] - 2024-12-14T00:32:07.076Z - [REQUEST]: Responding to the client. project-graph
[NX Daemon Server] - 2024-12-14T00:32:07.077Z - Time taken for 'total for creating and serializing project graph' 197.402446269989ms
[NX Daemon Server] - 2024-12-14T00:32:07.082Z - Done responding to the client project-graph
[NX Daemon Server] - 2024-12-14T00:32:07.082Z - Handled REQUEST_PROJECT_GRAPH. Handling time: 198. Response time: 6.
[NX Daemon Server] - 2024-12-14T00:32:07.110Z - [REQUEST]: Responding to the client. handleHashTasks
[NX Daemon Server] - 2024-12-14T00:32:07.110Z - Done responding to the client handleHashTasks
[NX Daemon Server] - 2024-12-14T00:32:07.110Z - Handled HASH_TASKS. Handling time: 4. Response time: 0.
[NX Daemon Server] - 2024-12-14T00:32:41.991Z - [WATCHER]: packages/react-scoped-hooks/src/index.tsx was modified
[NX Daemon Server] - 2024-12-14T00:32:41.994Z - [WATCHER]: Processing file changes in outputs
[NX Daemon Server] - 2024-12-14T00:32:42.109Z - [REQUEST]: Updated workspace context based on watched changes, recomputing project graph...
[NX Daemon Server] - 2024-12-14T00:32:42.109Z - [REQUEST]: packages/react-scoped-hooks/src/index.tsx
[NX Daemon Server] - 2024-12-14T00:32:42.109Z - [REQUEST]: 
[NX Daemon Server] - 2024-12-14T00:32:42.189Z - Time taken for 'hash changed files from watcher' 0.2809562683105469ms
[NX Daemon Server] - 2024-12-14T00:32:43.158Z - [WATCHER]: packages/react-scoped-hooks/src/index.tsx was modified
[NX Daemon Server] - 2024-12-14T00:32:43.158Z - [WATCHER]: Processing file changes in outputs
[NX Daemon Server] - 2024-12-14T00:32:43.359Z - [REQUEST]: Updated workspace context based on watched changes, recomputing project graph...
[NX Daemon Server] - 2024-12-14T00:32:43.359Z - [REQUEST]: packages/react-scoped-hooks/src/index.tsx
[NX Daemon Server] - 2024-12-14T00:32:43.360Z - [REQUEST]: 
[NX Daemon Server] - 2024-12-14T00:32:43.435Z - Time taken for 'hash changed files from watcher' 0.1801910400390625ms
[NX Daemon Server] - 2024-12-14T00:32:45.824Z - [WATCHER]: packages/react-scoped-hooks/src/index.tsx was modified
[NX Daemon Server] - 2024-12-14T00:32:45.825Z - [WATCHER]: Processing file changes in outputs
[NX Daemon Server] - 2024-12-14T00:32:46.224Z - [REQUEST]: Updated workspace context based on watched changes, recomputing project graph...
[NX Daemon Server] - 2024-12-14T00:32:46.225Z - [REQUEST]: packages/react-scoped-hooks/src/index.tsx
[NX Daemon Server] - 2024-12-14T00:32:46.225Z - [REQUEST]: 
[NX Daemon Server] - 2024-12-14T00:32:46.246Z - Time taken for 'hash changed files from watcher' 0.2569451332092285ms
[NX Daemon Server] - 2024-12-14T00:32:53.036Z - [WATCHER]: packages/react-scoped-hooks/src/index.tsx was modified
[NX Daemon Server] - 2024-12-14T00:32:53.036Z - [WATCHER]: Processing file changes in outputs
[NX Daemon Server] - 2024-12-14T00:32:53.837Z - [REQUEST]: Updated workspace context based on watched changes, recomputing project graph...
[NX Daemon Server] - 2024-12-14T00:32:53.837Z - [REQUEST]: packages/react-scoped-hooks/src/index.tsx
[NX Daemon Server] - 2024-12-14T00:32:53.837Z - [REQUEST]: 
[NX Daemon Server] - 2024-12-14T00:32:53.855Z - Time taken for 'hash changed files from watcher' 0.19574499130249023ms
[NX Daemon Server] - 2024-12-14T00:33:12.217Z - [WATCHER]: packages/react-scoped-hooks/src/index.tsx was modified
[NX Daemon Server] - 2024-12-14T00:33:12.217Z - [WATCHER]: Processing file changes in outputs
[NX Daemon Server] - 2024-12-14T00:33:13.818Z - [REQUEST]: Updated workspace context based on watched changes, recomputing project graph...
[NX Daemon Server] - 2024-12-14T00:33:13.818Z - [REQUEST]: packages/react-scoped-hooks/src/index.tsx
[NX Daemon Server] - 2024-12-14T00:33:13.818Z - [REQUEST]: 
[NX Daemon Server] - 2024-12-14T00:33:13.834Z - Time taken for 'hash changed files from watcher' 0.18884706497192383ms
[NX Daemon Server] - 2024-12-14T00:33:15.945Z - [WATCHER]: packages/react-scoped-hooks/src/index.tsx was modified
[NX Daemon Server] - 2024-12-14T00:33:15.945Z - [WATCHER]: Processing file changes in outputs
[NX Daemon Server] - 2024-12-14T00:33:19.147Z - [REQUEST]: Updated workspace context based on watched changes, recomputing project graph...
[NX Daemon Server] - 2024-12-14T00:33:19.147Z - [REQUEST]: packages/react-scoped-hooks/src/index.tsx
[NX Daemon Server] - 2024-12-14T00:33:19.147Z - [REQUEST]: 
[NX Daemon Server] - 2024-12-14T00:33:19.165Z - Time taken for 'hash changed files from watcher' 0.3031449317932129ms
[NX Daemon Server] - 2024-12-14T00:33:19.621Z - [WATCHER]: packages/react-scoped-hooks/src/index.tsx was modified
[NX Daemon Server] - 2024-12-14T00:33:19.621Z - [WATCHER]: Processing file changes in outputs
[NX Daemon Server] - 2024-12-14T00:33:21.417Z - [WATCHER]: packages/react-scoped-hooks/src/index.tsx was modified
[NX Daemon Server] - 2024-12-14T00:33:21.426Z - [WATCHER]: Processing file changes in outputs
[NX Daemon Server] - 2024-12-14T00:33:24.293Z - [WATCHER]: packages/react-scoped-hooks/src/index.tsx was modified
[NX Daemon Server] - 2024-12-14T00:33:24.293Z - [WATCHER]: Processing file changes in outputs
[NX Daemon Server] - 2024-12-14T00:33:25.626Z - [WATCHER]: packages/react-scoped-hooks/src/index.tsx was modified
[NX Daemon Server] - 2024-12-14T00:33:25.626Z - [WATCHER]: Processing file changes in outputs
[NX Daemon Server] - 2024-12-14T00:33:26.022Z - [REQUEST]: Updated workspace context based on watched changes, recomputing project graph...
[NX Daemon Server] - 2024-12-14T00:33:26.022Z - [REQUEST]: packages/react-scoped-hooks/src/index.tsx
[NX Daemon Server] - 2024-12-14T00:33:26.022Z - [REQUEST]: 
[NX Daemon Server] - 2024-12-14T00:33:26.039Z - Time taken for 'hash changed files from watcher' 0.17475318908691406ms
[NX Daemon Server] - 2024-12-14T00:33:28.711Z - [WATCHER]: Processing file changes in outputs
[NX Daemon Server] - 2024-12-14T00:33:28.714Z - [WATCHER]: packages/react-scoped-hooks/src/index.tsx was modified
[NX Daemon Server] - 2024-12-14T00:33:35.116Z - [REQUEST]: Updated workspace context based on watched changes, recomputing project graph...
[NX Daemon Server] - 2024-12-14T00:33:35.116Z - [REQUEST]: packages/react-scoped-hooks/src/index.tsx
[NX Daemon Server] - 2024-12-14T00:33:35.116Z - [REQUEST]: 
[NX Daemon Server] - 2024-12-14T00:33:35.133Z - Time taken for 'hash changed files from watcher' 0.31631898880004883ms
[NX Daemon Server] - 2024-12-14T00:33:47.807Z - [WATCHER]: packages/react-scoped-hooks/src/index.tsx was modified
[NX Daemon Server] - 2024-12-14T00:33:47.808Z - [WATCHER]: Processing file changes in outputs
[NX Daemon Server] - 2024-12-14T00:33:48.943Z - [WATCHER]: packages/react-scoped-hooks/src/index.tsx was modified
[NX Daemon Server] - 2024-12-14T00:33:48.943Z - [WATCHER]: Processing file changes in outputs
[NX Daemon Server] - 2024-12-14T00:33:51.807Z - [WATCHER]: packages/react-scoped-hooks/src/index.tsx was modified
[NX Daemon Server] - 2024-12-14T00:33:51.808Z - [WATCHER]: Processing file changes in outputs
[NX Daemon Server] - 2024-12-14T00:33:54.211Z - [REQUEST]: Updated workspace context based on watched changes, recomputing project graph...
[NX Daemon Server] - 2024-12-14T00:33:54.211Z - [REQUEST]: packages/react-scoped-hooks/src/index.tsx
[NX Daemon Server] - 2024-12-14T00:33:54.211Z - [REQUEST]: 
[NX Daemon Server] - 2024-12-14T00:33:54.242Z - Time taken for 'hash changed files from watcher' 1.1511931419372559ms
[NX Daemon Server] - 2024-12-14T00:34:00.461Z - [WATCHER]: packages/react-scoped-hooks/src/index.tsx was modified
[NX Daemon Server] - 2024-12-14T00:34:00.461Z - [WATCHER]: Processing file changes in outputs
[NX Daemon Server] - 2024-12-14T00:34:00.510Z - [WATCHER]: packages/react-scoped-hooks/src/index.tsx was modified
[NX Daemon Server] - 2024-12-14T00:34:00.511Z - [WATCHER]: Processing file changes in outputs
[NX Daemon Server] - 2024-12-14T00:34:05.090Z - [WATCHER]: packages/react-scoped-hooks/src/index.tsx was modified
[NX Daemon Server] - 2024-12-14T00:34:05.090Z - [WATCHER]: Processing file changes in outputs
[NX Daemon Server] - 2024-12-14T00:34:06.861Z - [REQUEST]: Updated workspace context based on watched changes, recomputing project graph...
[NX Daemon Server] - 2024-12-14T00:34:06.862Z - [REQUEST]: packages/react-scoped-hooks/src/index.tsx
[NX Daemon Server] - 2024-12-14T00:34:06.862Z - [REQUEST]: 
[NX Daemon Server] - 2024-12-14T00:34:06.878Z - Time taken for 'hash changed files from watcher' 0.19069719314575195ms
[NX Daemon Server] - 2024-12-14T00:34:08.835Z - [WATCHER]: packages/react-scoped-hooks/src/index.tsx was modified
[NX Daemon Server] - 2024-12-14T00:34:08.836Z - [WATCHER]: Processing file changes in outputs
[NX Daemon Server] - 2024-12-14T00:34:15.236Z - [REQUEST]: Updated workspace context based on watched changes, recomputing project graph...
[NX Daemon Server] - 2024-12-14T00:34:15.236Z - [REQUEST]: packages/react-scoped-hooks/src/index.tsx
[NX Daemon Server] - 2024-12-14T00:34:15.236Z - [REQUEST]: 
[NX Daemon Server] - 2024-12-14T00:34:15.258Z - Time taken for 'hash changed files from watcher' 0.1877613067626953ms
[NX Daemon Server] - 2024-12-14T00:34:16.388Z - [WATCHER]: Processing file changes in outputs
[NX Daemon Server] - 2024-12-14T00:34:16.389Z - [WATCHER]: packages/react-scoped-hooks/src/index.tsx was modified
[NX Daemon Server] - 2024-12-14T00:34:22.790Z - [REQUEST]: Updated workspace context based on watched changes, recomputing project graph...
[NX Daemon Server] - 2024-12-14T00:34:22.790Z - [REQUEST]: packages/react-scoped-hooks/src/index.tsx
[NX Daemon Server] - 2024-12-14T00:34:22.790Z - [REQUEST]: 
[NX Daemon Server] - 2024-12-14T00:34:22.808Z - Time taken for 'hash changed files from watcher' 0.16832590103149414ms
[NX Daemon Server] - 2024-12-14T00:34:24.774Z - [WATCHER]: packages/react-scoped-hooks/src/index.tsx was modified
[NX Daemon Server] - 2024-12-14T00:34:24.774Z - [WATCHER]: Processing file changes in outputs
[NX Daemon Server] - 2024-12-14T00:34:26.499Z - [WATCHER]: packages/react-scoped-hooks/src/index.tsx was modified
[NX Daemon Server] - 2024-12-14T00:34:26.500Z - [WATCHER]: Processing file changes in outputs
[NX Daemon Server] - 2024-12-14T00:34:29.117Z - [WATCHER]: packages/react-scoped-hooks/src/index.tsx was modified
[NX Daemon Server] - 2024-12-14T00:34:29.117Z - [WATCHER]: Processing file changes in outputs
[NX Daemon Server] - 2024-12-14T00:34:31.013Z - [WATCHER]: Processing file changes in outputs
[NX Daemon Server] - 2024-12-14T00:34:31.014Z - [WATCHER]: packages/react-scoped-hooks/src/index.tsx was modified
[NX Daemon Server] - 2024-12-14T00:34:31.176Z - [REQUEST]: Updated workspace context based on watched changes, recomputing project graph...
[NX Daemon Server] - 2024-12-14T00:34:31.176Z - [REQUEST]: packages/react-scoped-hooks/src/index.tsx
[NX Daemon Server] - 2024-12-14T00:34:31.176Z - [REQUEST]: 
[NX Daemon Server] - 2024-12-14T00:34:31.195Z - Time taken for 'hash changed files from watcher' 0.4498467445373535ms
[NX Daemon Server] - 2024-12-14T00:34:33.032Z - [WATCHER]: packages/react-scoped-hooks/src/index.tsx was modified
[NX Daemon Server] - 2024-12-14T00:34:33.032Z - [WATCHER]: Processing file changes in outputs
[NX Daemon Server] - 2024-12-14T00:34:39.433Z - [REQUEST]: Updated workspace context based on watched changes, recomputing project graph...
[NX Daemon Server] - 2024-12-14T00:34:39.434Z - [REQUEST]: packages/react-scoped-hooks/src/index.tsx
[NX Daemon Server] - 2024-12-14T00:34:39.434Z - [REQUEST]: 
[NX Daemon Server] - 2024-12-14T00:34:39.450Z - Time taken for 'hash changed files from watcher' 0.33432531356811523ms
[NX Daemon Server] - 2024-12-14T00:34:40.814Z - [WATCHER]: packages/react-scoped-hooks/src/index.tsx was modified
[NX Daemon Server] - 2024-12-14T00:34:40.814Z - [WATCHER]: Processing file changes in outputs
[NX Daemon Server] - 2024-12-14T00:34:45.231Z - [WATCHER]: packages/react-scoped-hooks/src/index.tsx was modified
[NX Daemon Server] - 2024-12-14T00:34:45.231Z - [WATCHER]: Processing file changes in outputs
[NX Daemon Server] - 2024-12-14T00:34:47.215Z - [REQUEST]: Updated workspace context based on watched changes, recomputing project graph...
[NX Daemon Server] - 2024-12-14T00:34:47.215Z - [REQUEST]: packages/react-scoped-hooks/src/index.tsx
[NX Daemon Server] - 2024-12-14T00:34:47.215Z - [REQUEST]: 
[NX Daemon Server] - 2024-12-14T00:34:47.230Z - Time taken for 'hash changed files from watcher' 0.16730690002441406ms
[NX Daemon Server] - 2024-12-14T00:34:47.508Z - [WATCHER]: packages/react-scoped-hooks/src/index.tsx was modified
[NX Daemon Server] - 2024-12-14T00:34:47.508Z - [WATCHER]: Processing file changes in outputs
[NX Daemon Server] - 2024-12-14T00:34:53.910Z - [REQUEST]: Updated workspace context based on watched changes, recomputing project graph...
[NX Daemon Server] - 2024-12-14T00:34:53.910Z - [REQUEST]: packages/react-scoped-hooks/src/index.tsx
[NX Daemon Server] - 2024-12-14T00:34:53.910Z - [REQUEST]: 
[NX Daemon Server] - 2024-12-14T00:34:53.945Z - Time taken for 'hash changed files from watcher' 0.27962303161621094ms
[NX Daemon Server] - 2024-12-14T00:34:57.774Z - [WATCHER]: packages/react-scoped-hooks/src/index.tsx was modified
[NX Daemon Server] - 2024-12-14T00:34:57.774Z - [WATCHER]: Processing file changes in outputs
[NX Daemon Server] - 2024-12-14T00:35:01.767Z - [WATCHER]: packages/react-scoped-hooks/src/index.tsx was modified
[NX Daemon Server] - 2024-12-14T00:35:01.768Z - [WATCHER]: Processing file changes in outputs
[NX Daemon Server] - 2024-12-14T00:35:04.175Z - [REQUEST]: Updated workspace context based on watched changes, recomputing project graph...
[NX Daemon Server] - 2024-12-14T00:35:04.176Z - [REQUEST]: packages/react-scoped-hooks/src/index.tsx
[NX Daemon Server] - 2024-12-14T00:35:04.176Z - [REQUEST]: 
[NX Daemon Server] - 2024-12-14T00:35:04.192Z - Time taken for 'hash changed files from watcher' 0.23781204223632812ms
[NX Daemon Server] - 2024-12-14T00:35:24.390Z - [WATCHER]: packages/example-app/src/App.tsx was modified
[NX Daemon Server] - 2024-12-14T00:35:24.391Z - [WATCHER]: Processing file changes in outputs
[NX Daemon Server] - 2024-12-14T00:35:26.696Z - [WATCHER]: packages/example-app/src/App.tsx was modified
[NX Daemon Server] - 2024-12-14T00:35:26.696Z - [WATCHER]: Processing file changes in outputs
[NX Daemon Server] - 2024-12-14T00:35:30.792Z - [REQUEST]: Updated workspace context based on watched changes, recomputing project graph...
[NX Daemon Server] - 2024-12-14T00:35:30.793Z - [REQUEST]: packages/example-app/src/App.tsx
[NX Daemon Server] - 2024-12-14T00:35:30.793Z - [REQUEST]: 
[NX Daemon Server] - 2024-12-14T00:35:30.808Z - Time taken for 'hash changed files from watcher' 0.32039928436279297ms
[NX Daemon Server] - 2024-12-14T00:35:30.969Z - [WATCHER]: packages/example-app/src/App.tsx was modified
[NX Daemon Server] - 2024-12-14T00:35:30.969Z - [WATCHER]: Processing file changes in outputs
[NX Daemon Server] - 2024-12-14T00:35:37.370Z - [REQUEST]: Updated workspace context based on watched changes, recomputing project graph...
[NX Daemon Server] - 2024-12-14T00:35:37.383Z - [REQUEST]: packages/example-app/src/App.tsx
[NX Daemon Server] - 2024-12-14T00:35:37.384Z - [REQUEST]: 
[NX Daemon Server] - 2024-12-14T00:35:37.403Z - Time taken for 'hash changed files from watcher' 0.19820261001586914ms
[NX Daemon Server] - 2024-12-14T00:38:30.394Z - [WATCHER]: packages/react-scoped-hooks/src/index.tsx was modified
[NX Daemon Server] - 2024-12-14T00:38:30.394Z - [WATCHER]: Processing file changes in outputs
[NX Daemon Server] - 2024-12-14T00:38:35.234Z - [WATCHER]: packages/react-scoped-hooks/src/index.tsx was modified
[NX Daemon Server] - 2024-12-14T00:38:35.234Z - [WATCHER]: Processing file changes in outputs
[NX Daemon Server] - 2024-12-14T00:38:36.795Z - [REQUEST]: Updated workspace context based on watched changes, recomputing project graph...
[NX Daemon Server] - 2024-12-14T00:38:36.795Z - [REQUEST]: packages/react-scoped-hooks/src/index.tsx
[NX Daemon Server] - 2024-12-14T00:38:36.795Z - [REQUEST]: 
[NX Daemon Server] - 2024-12-14T00:38:36.813Z - Time taken for 'hash changed files from watcher' 0.3398289680480957ms
[NX Daemon Server] - 2024-12-14T00:38:42.609Z - [WATCHER]: packages/react-scoped-hooks/src/index.tsx was modified
[NX Daemon Server] - 2024-12-14T00:38:42.609Z - [WATCHER]: Processing file changes in outputs
[NX Daemon Server] - 2024-12-14T00:38:48.590Z - [WATCHER]: packages/react-scoped-hooks/src/index.tsx was modified
[NX Daemon Server] - 2024-12-14T00:38:48.590Z - [WATCHER]: Processing file changes in outputs
[NX Daemon Server] - 2024-12-14T00:38:49.011Z - [REQUEST]: Updated workspace context based on watched changes, recomputing project graph...
[NX Daemon Server] - 2024-12-14T00:38:49.011Z - [REQUEST]: packages/react-scoped-hooks/src/index.tsx
[NX Daemon Server] - 2024-12-14T00:38:49.011Z - [REQUEST]: 
[NX Daemon Server] - 2024-12-14T00:38:49.029Z - Time taken for 'hash changed files from watcher' 0.22789716720581055ms
[NX Daemon Server] - 2024-12-14T00:38:49.947Z - [WATCHER]: packages/react-scoped-hooks/src/index.tsx was modified
[NX Daemon Server] - 2024-12-14T00:38:49.947Z - [WATCHER]: Processing file changes in outputs
[NX Daemon Server] - 2024-12-14T00:38:56.349Z - [REQUEST]: Updated workspace context based on watched changes, recomputing project graph...
[NX Daemon Server] - 2024-12-14T00:38:56.349Z - [REQUEST]: packages/react-scoped-hooks/src/index.tsx
[NX Daemon Server] - 2024-12-14T00:38:56.349Z - [REQUEST]: 
[NX Daemon Server] - 2024-12-14T00:38:56.364Z - Time taken for 'hash changed files from watcher' 0.16012191772460938ms
[NX Daemon Server] - 2024-12-14T00:38:59.689Z - [WATCHER]: Processing file changes in outputs
[NX Daemon Server] - 2024-12-14T00:38:59.690Z - [WATCHER]: packages/react-scoped-hooks/src/index.tsx was modified
[NX Daemon Server] - 2024-12-14T00:39:04.300Z - [WATCHER]: packages/react-scoped-hooks/src/index.tsx was modified
[NX Daemon Server] - 2024-12-14T00:39:04.301Z - [WATCHER]: Processing file changes in outputs
[NX Daemon Server] - 2024-12-14T00:39:06.091Z - [REQUEST]: Updated workspace context based on watched changes, recomputing project graph...
[NX Daemon Server] - 2024-12-14T00:39:06.092Z - [REQUEST]: packages/react-scoped-hooks/src/index.tsx
[NX Daemon Server] - 2024-12-14T00:39:06.092Z - [REQUEST]: 
[NX Daemon Server] - 2024-12-14T00:39:06.108Z - Time taken for 'hash changed files from watcher' 0.3027191162109375ms
[NX Daemon Server] - 2024-12-14T00:39:06.275Z - [WATCHER]: packages/react-scoped-hooks/src/index.tsx was modified
[NX Daemon Server] - 2024-12-14T00:39:06.275Z - [WATCHER]: Processing file changes in outputs
[NX Daemon Server] - 2024-12-14T00:39:08.129Z - [WATCHER]: Processing file changes in outputs
[NX Daemon Server] - 2024-12-14T00:39:08.130Z - [WATCHER]: packages/react-scoped-hooks/src/index.tsx was modified
[NX Daemon Server] - 2024-12-14T00:39:09.471Z - [WATCHER]: packages/react-scoped-hooks/src/index.tsx was modified
[NX Daemon Server] - 2024-12-14T00:39:09.471Z - [WATCHER]: Processing file changes in outputs
[NX Daemon Server] - 2024-12-14T00:39:12.677Z - [REQUEST]: Updated workspace context based on watched changes, recomputing project graph...
[NX Daemon Server] - 2024-12-14T00:39:12.677Z - [REQUEST]: packages/react-scoped-hooks/src/index.tsx
[NX Daemon Server] - 2024-12-14T00:39:12.677Z - [REQUEST]: 
[NX Daemon Server] - 2024-12-14T00:39:12.691Z - Time taken for 'hash changed files from watcher' 0.17682313919067383ms
[NX Daemon Server] - 2024-12-14T00:39:15.551Z - [WATCHER]: packages/react-scoped-hooks/src/index.tsx was modified
[NX Daemon Server] - 2024-12-14T00:39:15.551Z - [WATCHER]: Processing file changes in outputs
[NX Daemon Server] - 2024-12-14T00:39:17.402Z - [WATCHER]: packages/react-scoped-hooks/src/index.tsx was modified
[NX Daemon Server] - 2024-12-14T00:39:17.402Z - [WATCHER]: Processing file changes in outputs
[NX Daemon Server] - 2024-12-14T00:39:21.953Z - [REQUEST]: Updated workspace context based on watched changes, recomputing project graph...
[NX Daemon Server] - 2024-12-14T00:39:21.953Z - [REQUEST]: packages/react-scoped-hooks/src/index.tsx
[NX Daemon Server] - 2024-12-14T00:39:21.953Z - [REQUEST]: 
[NX Daemon Server] - 2024-12-14T00:39:21.969Z - Time taken for 'hash changed files from watcher' 0.30024003982543945ms
[NX Daemon Server] - 2024-12-14T00:40:17.316Z - [WATCHER]: packages/react-scoped-hooks/src/index.tsx was modified
[NX Daemon Server] - 2024-12-14T00:40:17.316Z - [WATCHER]: Processing file changes in outputs
[NX Daemon Server] - 2024-12-14T00:40:19.988Z - [WATCHER]: packages/react-scoped-hooks/src/index.tsx was modified
[NX Daemon Server] - 2024-12-14T00:40:19.988Z - [WATCHER]: Processing file changes in outputs
[NX Daemon Server] - 2024-12-14T00:40:22.214Z - [WATCHER]: packages/react-scoped-hooks/src/index.tsx was modified
[NX Daemon Server] - 2024-12-14T00:40:22.214Z - [WATCHER]: Processing file changes in outputs
[NX Daemon Server] - 2024-12-14T00:40:23.717Z - [REQUEST]: Updated workspace context based on watched changes, recomputing project graph...
[NX Daemon Server] - 2024-12-14T00:40:23.717Z - [REQUEST]: packages/react-scoped-hooks/src/index.tsx
[NX Daemon Server] - 2024-12-14T00:40:23.717Z - [REQUEST]: 
[NX Daemon Server] - 2024-12-14T00:40:23.735Z - Time taken for 'hash changed files from watcher' 0.1598033905029297ms
[NX Daemon Server] - 2024-12-14T00:40:24.677Z - [WATCHER]: packages/react-scoped-hooks/src/index.tsx was modified
[NX Daemon Server] - 2024-12-14T00:40:24.677Z - [WATCHER]: Processing file changes in outputs
[NX Daemon Server] - 2024-12-14T00:40:29.216Z - [WATCHER]: packages/react-scoped-hooks/src/index.tsx was modified
[NX Daemon Server] - 2024-12-14T00:40:29.219Z - [WATCHER]: Processing file changes in outputs
[NX Daemon Server] - 2024-12-14T00:40:31.095Z - [REQUEST]: Updated workspace context based on watched changes, recomputing project graph...
[NX Daemon Server] - 2024-12-14T00:40:31.097Z - [REQUEST]: packages/react-scoped-hooks/src/index.tsx
[NX Daemon Server] - 2024-12-14T00:40:31.097Z - [REQUEST]: 
[NX Daemon Server] - 2024-12-14T00:40:31.120Z - Time taken for 'hash changed files from watcher' 0.22928190231323242ms
[NX Daemon Server] - 2024-12-14T00:40:34.372Z - [WATCHER]: packages/react-scoped-hooks/src/index.tsx was modified
[NX Daemon Server] - 2024-12-14T00:40:34.372Z - [WATCHER]: Processing file changes in outputs
[NX Daemon Server] - 2024-12-14T00:40:38.565Z - [WATCHER]: packages/react-scoped-hooks/src/index.tsx was modified
[NX Daemon Server] - 2024-12-14T00:40:38.565Z - [WATCHER]: Processing file changes in outputs
[NX Daemon Server] - 2024-12-14T00:40:39.711Z - [WATCHER]: packages/react-scoped-hooks/src/index.tsx was modified
[NX Daemon Server] - 2024-12-14T00:40:39.711Z - [WATCHER]: Processing file changes in outputs
[NX Daemon Server] - 2024-12-14T00:40:40.773Z - [REQUEST]: Updated workspace context based on watched changes, recomputing project graph...
[NX Daemon Server] - 2024-12-14T00:40:40.773Z - [REQUEST]: packages/react-scoped-hooks/src/index.tsx
[NX Daemon Server] - 2024-12-14T00:40:40.774Z - [REQUEST]: 
[NX Daemon Server] - 2024-12-14T00:40:40.790Z - Time taken for 'hash changed files from watcher' 0.18814611434936523ms
[NX Daemon Server] - 2024-12-14T00:40:45.237Z - [WATCHER]: packages/react-scoped-hooks/src/index.tsx was modified
[NX Daemon Server] - 2024-12-14T00:40:45.237Z - [WATCHER]: Processing file changes in outputs
[NX Daemon Server] - 2024-12-14T00:40:51.639Z - [REQUEST]: Updated workspace context based on watched changes, recomputing project graph...
[NX Daemon Server] - 2024-12-14T00:40:51.639Z - [REQUEST]: packages/react-scoped-hooks/src/index.tsx
[NX Daemon Server] - 2024-12-14T00:40:51.639Z - [REQUEST]: 
[NX Daemon Server] - 2024-12-14T00:40:51.654Z - Time taken for 'hash changed files from watcher' 0.2124619483947754ms
[NX Daemon Server] - 2024-12-14T00:41:04.028Z - [WATCHER]: Processing file changes in outputs
[NX Daemon Server] - 2024-12-14T00:41:04.029Z - [WATCHER]: packages/react-scoped-hooks/src/index.tsx was modified
[NX Daemon Server] - 2024-12-14T00:41:07.665Z - [WATCHER]: packages/react-scoped-hooks/src/index.tsx was modified
[NX Daemon Server] - 2024-12-14T00:41:07.666Z - [WATCHER]: Processing file changes in outputs
[NX Daemon Server] - 2024-12-14T00:41:08.971Z - [WATCHER]: Processing file changes in outputs
[NX Daemon Server] - 2024-12-14T00:41:08.971Z - [WATCHER]: packages/react-scoped-hooks/src/index.tsx was modified
[NX Daemon Server] - 2024-12-14T00:41:10.430Z - [REQUEST]: Updated workspace context based on watched changes, recomputing project graph...
[NX Daemon Server] - 2024-12-14T00:41:10.436Z - [REQUEST]: packages/react-scoped-hooks/src/index.tsx
[NX Daemon Server] - 2024-12-14T00:41:10.436Z - [REQUEST]: 
[NX Daemon Server] - 2024-12-14T00:41:10.455Z - Time taken for 'hash changed files from watcher' 0.1828312873840332ms
[NX Daemon Server] - 2024-12-14T00:41:27.076Z - [WATCHER]: packages/react-scoped-hooks/src/index.tsx was modified
[NX Daemon Server] - 2024-12-14T00:41:27.077Z - [WATCHER]: Processing file changes in outputs
[NX Daemon Server] - 2024-12-14T00:41:30.908Z - [WATCHER]: packages/react-scoped-hooks/src/index.tsx was modified
[NX Daemon Server] - 2024-12-14T00:41:30.909Z - [WATCHER]: Processing file changes in outputs
[NX Daemon Server] - 2024-12-14T00:41:33.477Z - [REQUEST]: Updated workspace context based on watched changes, recomputing project graph...
[NX Daemon Server] - 2024-12-14T00:41:33.477Z - [REQUEST]: packages/react-scoped-hooks/src/index.tsx
[NX Daemon Server] - 2024-12-14T00:41:33.477Z - [REQUEST]: 
[NX Daemon Server] - 2024-12-14T00:41:33.492Z - Time taken for 'hash changed files from watcher' 0.31984996795654297ms
[NX Daemon Server] - 2024-12-14T00:41:34.411Z - [WATCHER]: packages/react-scoped-hooks/src/index.tsx was modified
[NX Daemon Server] - 2024-12-14T00:41:34.411Z - [WATCHER]: Processing file changes in outputs
[NX Daemon Server] - 2024-12-14T00:41:38.056Z - [WATCHER]: packages/react-scoped-hooks/src/index.tsx was modified
[NX Daemon Server] - 2024-12-14T00:41:38.056Z - [WATCHER]: Processing file changes in outputs
[NX Daemon Server] - 2024-12-14T00:41:40.812Z - [REQUEST]: Updated workspace context based on watched changes, recomputing project graph...
[NX Daemon Server] - 2024-12-14T00:41:40.812Z - [REQUEST]: packages/react-scoped-hooks/src/index.tsx
[NX Daemon Server] - 2024-12-14T00:41:40.812Z - [REQUEST]: 
[NX Daemon Server] - 2024-12-14T00:41:40.826Z - Time taken for 'hash changed files from watcher' 0.15607404708862305ms
[NX Daemon Server] - 2024-12-14T00:41:49.130Z - [WATCHER]: packages/react-scoped-hooks/src/index.tsx was modified
[NX Daemon Server] - 2024-12-14T00:41:49.130Z - [WATCHER]: Processing file changes in outputs
[NX Daemon Server] - 2024-12-14T00:41:55.527Z - [REQUEST]: Updated workspace context based on watched changes, recomputing project graph...
[NX Daemon Server] - 2024-12-14T00:41:55.527Z - [REQUEST]: packages/react-scoped-hooks/src/index.tsx
[NX Daemon Server] - 2024-12-14T00:41:55.527Z - [REQUEST]: 
[NX Daemon Server] - 2024-12-14T00:41:55.540Z - Time taken for 'hash changed files from watcher' 0.17742538452148438ms
[NX Daemon Server] - 2024-12-14T00:41:57.845Z - [WATCHER]: packages/react-scoped-hooks/src/index.tsx was modified
[NX Daemon Server] - 2024-12-14T00:41:57.845Z - [WATCHER]: Processing file changes in outputs
[NX Daemon Server] - 2024-12-14T00:41:59.377Z - [WATCHER]: packages/react-scoped-hooks/src/index.tsx was modified
[NX Daemon Server] - 2024-12-14T00:41:59.377Z - [WATCHER]: Processing file changes in outputs
[NX Daemon Server] - 2024-12-14T00:42:02.800Z - [WATCHER]: packages/react-scoped-hooks/src/index.tsx was modified
[NX Daemon Server] - 2024-12-14T00:42:02.800Z - [WATCHER]: Processing file changes in outputs
[NX Daemon Server] - 2024-12-14T00:42:04.244Z - [REQUEST]: Updated workspace context based on watched changes, recomputing project graph...
[NX Daemon Server] - 2024-12-14T00:42:04.244Z - [REQUEST]: packages/react-scoped-hooks/src/index.tsx
[NX Daemon Server] - 2024-12-14T00:42:04.244Z - [REQUEST]: 
[NX Daemon Server] - 2024-12-14T00:42:04.258Z - Time taken for 'hash changed files from watcher' 0.16694068908691406ms
[NX Daemon Server] - 2024-12-14T00:42:07.587Z - [WATCHER]: packages/react-scoped-hooks/src/index.tsx was modified
[NX Daemon Server] - 2024-12-14T00:42:07.587Z - [WATCHER]: Processing file changes in outputs
[NX Daemon Server] - 2024-12-14T00:42:09.788Z - [WATCHER]: packages/react-scoped-hooks/src/index.tsx was modified
[NX Daemon Server] - 2024-12-14T00:42:09.788Z - [WATCHER]: Processing file changes in outputs
[NX Daemon Server] - 2024-12-14T00:42:13.987Z - [REQUEST]: Updated workspace context based on watched changes, recomputing project graph...
[NX Daemon Server] - 2024-12-14T00:42:13.987Z - [REQUEST]: packages/react-scoped-hooks/src/index.tsx
[NX Daemon Server] - 2024-12-14T00:42:13.987Z - [REQUEST]: 
[NX Daemon Server] - 2024-12-14T00:42:14.006Z - Time taken for 'hash changed files from watcher' 0.16676092147827148ms
[NX Daemon Server] - 2024-12-14T00:42:29.269Z - [WATCHER]: packages/react-scoped-hooks/src/index.tsx was modified
[NX Daemon Server] - 2024-12-14T00:42:29.269Z - [WATCHER]: Processing file changes in outputs
[NX Daemon Server] - 2024-12-14T00:42:30.552Z - [WATCHER]: Processing file changes in outputs
[NX Daemon Server] - 2024-12-14T00:42:30.562Z - [WATCHER]: packages/react-scoped-hooks/src/index.tsx was modified
[NX Daemon Server] - 2024-12-14T00:42:35.669Z - [REQUEST]: Updated workspace context based on watched changes, recomputing project graph...
[NX Daemon Server] - 2024-12-14T00:42:35.670Z - [REQUEST]: packages/react-scoped-hooks/src/index.tsx
[NX Daemon Server] - 2024-12-14T00:42:35.670Z - [REQUEST]: 
[NX Daemon Server] - 2024-12-14T00:42:35.706Z - Time taken for 'hash changed files from watcher' 0.26779985427856445ms
[NX Daemon Server] - 2024-12-14T00:42:38.734Z - [WATCHER]: packages/react-scoped-hooks/src/index.tsx was modified
[NX Daemon Server] - 2024-12-14T00:42:38.734Z - [WATCHER]: Processing file changes in outputs
[NX Daemon Server] - 2024-12-14T00:42:39.938Z - [WATCHER]: packages/react-scoped-hooks/src/index.tsx was modified
[NX Daemon Server] - 2024-12-14T00:42:39.938Z - [WATCHER]: Processing file changes in outputs
[NX Daemon Server] - 2024-12-14T00:42:41.461Z - [WATCHER]: packages/react-scoped-hooks/src/index.tsx was modified
[NX Daemon Server] - 2024-12-14T00:42:41.461Z - [WATCHER]: Processing file changes in outputs
[NX Daemon Server] - 2024-12-14T00:42:43.949Z - [WATCHER]: packages/react-scoped-hooks/src/index.tsx was modified
[NX Daemon Server] - 2024-12-14T00:42:43.949Z - [WATCHER]: Processing file changes in outputs
[NX Daemon Server] - 2024-12-14T00:42:45.134Z - [REQUEST]: Updated workspace context based on watched changes, recomputing project graph...
[NX Daemon Server] - 2024-12-14T00:42:45.134Z - [REQUEST]: packages/react-scoped-hooks/src/index.tsx
[NX Daemon Server] - 2024-12-14T00:42:45.134Z - [REQUEST]: 
[NX Daemon Server] - 2024-12-14T00:42:45.151Z - Time taken for 'hash changed files from watcher' 0.21201419830322266ms
[NX Daemon Server] - 2024-12-14T00:42:45.909Z - [WATCHER]: packages/react-scoped-hooks/src/index.tsx was modified
[NX Daemon Server] - 2024-12-14T00:42:45.909Z - [WATCHER]: Processing file changes in outputs
[NX Daemon Server] - 2024-12-14T00:42:48.937Z - [WATCHER]: packages/react-scoped-hooks/src/index.tsx was modified
[NX Daemon Server] - 2024-12-14T00:42:48.937Z - [WATCHER]: Processing file changes in outputs
[NX Daemon Server] - 2024-12-14T00:42:51.904Z - [WATCHER]: packages/react-scoped-hooks/src/index.tsx was modified
[NX Daemon Server] - 2024-12-14T00:42:51.905Z - [WATCHER]: Processing file changes in outputs
[NX Daemon Server] - 2024-12-14T00:42:52.309Z - [REQUEST]: Updated workspace context based on watched changes, recomputing project graph...
[NX Daemon Server] - 2024-12-14T00:42:52.309Z - [REQUEST]: packages/react-scoped-hooks/src/index.tsx
[NX Daemon Server] - 2024-12-14T00:42:52.309Z - [REQUEST]: 
[NX Daemon Server] - 2024-12-14T00:42:52.326Z - Time taken for 'hash changed files from watcher' 0.1593189239501953ms
[NX Daemon Server] - 2024-12-14T00:43:06.650Z - [WATCHER]: packages/react-scoped-hooks/src/index.tsx was modified
[NX Daemon Server] - 2024-12-14T00:43:06.650Z - [WATCHER]: Processing file changes in outputs
[NX Daemon Server] - 2024-12-14T00:43:11.814Z - [WATCHER]: packages/react-scoped-hooks/src/index.tsx was modified
[NX Daemon Server] - 2024-12-14T00:43:11.815Z - [WATCHER]: Processing file changes in outputs
[NX Daemon Server] - 2024-12-14T00:43:13.051Z - [REQUEST]: Updated workspace context based on watched changes, recomputing project graph...
[NX Daemon Server] - 2024-12-14T00:43:13.051Z - [REQUEST]: packages/react-scoped-hooks/src/index.tsx
[NX Daemon Server] - 2024-12-14T00:43:13.051Z - [REQUEST]: 
[NX Daemon Server] - 2024-12-14T00:43:13.064Z - Time taken for 'hash changed files from watcher' 0.16005516052246094ms
[NX Daemon Server] - 2024-12-14T00:43:53.920Z - [WATCHER]: packages/react-scoped-hooks/src/index.tsx was modified
[NX Daemon Server] - 2024-12-14T00:43:53.920Z - [WATCHER]: Processing file changes in outputs
[NX Daemon Server] - 2024-12-14T00:44:00.320Z - [REQUEST]: Updated workspace context based on watched changes, recomputing project graph...
[NX Daemon Server] - 2024-12-14T00:44:00.320Z - [REQUEST]: packages/react-scoped-hooks/src/index.tsx
[NX Daemon Server] - 2024-12-14T00:44:00.320Z - [REQUEST]: 
[NX Daemon Server] - 2024-12-14T00:44:00.332Z - Time taken for 'hash changed files from watcher' 0.13620424270629883ms
[NX Daemon Server] - 2024-12-14T00:48:02.950Z - [WATCHER]: .gitignore was modified
[NX Daemon Server] - 2024-12-14T00:48:02.950Z - [WATCHER]: Processing file changes in outputs
[NX Daemon Server] - 2024-12-14T00:48:02.951Z - [WATCHER]: Stopping the watcher for /Users/reed/Projects/react-scoped-hooks (sources)
[NX Daemon Server] - 2024-12-14T00:48:02.951Z - [WATCHER]: Stopping the watcher for /Users/reed/Projects/react-scoped-hooks (outputs)
[NX Daemon Server] - 2024-12-14T00:48:02.951Z - Server stopped because: "Stopping the daemon the set of ignored files changed (native)"
